INFO - 2023-12-04 10:47:42 --> Session: Class initialized using 'CodeIgniter\Session\Handlers\FileHandler' driver.
INFO - 2023-12-04 10:47:42 --> Session: Class initialized using 'CodeIgniter\Session\Handlers\FileHandler' driver.
INFO - 2023-12-04 10:47:54 --> Session: Class initialized using 'CodeIgniter\Session\Handlers\FileHandler' driver.
INFO - 2023-12-04 10:47:54 --> Session: Class initialized using 'CodeIgniter\Session\Handlers\FileHandler' driver.
INFO - 2023-12-04 10:47:58 --> Session: Class initialized using 'CodeIgniter\Session\Handlers\FileHandler' driver.
INFO - 2023-12-04 11:08:44 --> Session: Class initialized using 'CodeIgniter\Session\Handlers\FileHandler' driver.
INFO - 2023-12-04 11:08:46 --> Session: Class initialized using 'CodeIgniter\Session\Handlers\FileHandler' driver.
INFO - 2023-12-04 11:13:19 --> Session: Class initialized using 'CodeIgniter\Session\Handlers\FileHandler' driver.
INFO - 2023-12-04 11:14:07 --> Session: Class initialized using 'CodeIgniter\Session\Handlers\FileHandler' driver.
INFO - 2023-12-04 11:14:11 --> Session: Class initialized using 'CodeIgniter\Session\Handlers\FileHandler' driver.
CRITICAL - 2023-12-04 11:14:11 --> implode(): Invalid arguments passed
in APPPATH\Controllers\Home.php on line 33.
 1 [internal function]: CodeIgniter\Debug\Exceptions->errorHandler(2, 'implode(): Invalid arguments passed', 'C:\\xampp\\htdocs\\SPK-KIP\\spk-kip-pm\\app\\Controllers\\Home.php', 33, [...])
 2 APPPATH\Controllers\Home.php(33): implode(', ', null)
 3 SYSTEMPATH\CodeIgniter.php(932): App\Controllers\Home->tambahdata()
 4 SYSTEMPATH\CodeIgniter.php(497): CodeIgniter\CodeIgniter->runController(Object(App\Controllers\Home))
 5 SYSTEMPATH\CodeIgniter.php(366): CodeIgniter\CodeIgniter->handleRequest(null, Object(Config\Cache), false)
 6 FCPATH\index.php(67): CodeIgniter\CodeIgniter->run()
 7 SYSTEMPATH\Commands\Server\rewrite.php(47): require_once('C:\\xampp\\htdocs\\SPK-KIP\\spk-kip-pm\\public\\index.php')
INFO - 2023-12-04 11:15:09 --> Session: Class initialized using 'CodeIgniter\Session\Handlers\FileHandler' driver.
INFO - 2023-12-04 11:15:11 --> Session: Class initialized using 'CodeIgniter\Session\Handlers\FileHandler' driver.
INFO - 2023-12-04 11:15:16 --> Session: Class initialized using 'CodeIgniter\Session\Handlers\FileHandler' driver.
CRITICAL - 2023-12-04 11:15:16 --> implode(): Invalid arguments passed
in APPPATH\Controllers\Home.php on line 33.
 1 [internal function]: CodeIgniter\Debug\Exceptions->errorHandler(2, 'implode(): Invalid arguments passed', 'C:\\xampp\\htdocs\\SPK-KIP\\spk-kip-pm\\app\\Controllers\\Home.php', 33, [...])
 2 APPPATH\Controllers\Home.php(33): implode(', ', null)
 3 SYSTEMPATH\CodeIgniter.php(932): App\Controllers\Home->tambahdata()
 4 SYSTEMPATH\CodeIgniter.php(497): CodeIgniter\CodeIgniter->runController(Object(App\Controllers\Home))
 5 SYSTEMPATH\CodeIgniter.php(366): CodeIgniter\CodeIgniter->handleRequest(null, Object(Config\Cache), false)
 6 FCPATH\index.php(67): CodeIgniter\CodeIgniter->run()
 7 SYSTEMPATH\Commands\Server\rewrite.php(47): require_once('C:\\xampp\\htdocs\\SPK-KIP\\spk-kip-pm\\public\\index.php')
INFO - 2023-12-04 11:15:19 --> Session: Class initialized using 'CodeIgniter\Session\Handlers\FileHandler' driver.
INFO - 2023-12-04 11:15:24 --> Session: Class initialized using 'CodeIgniter\Session\Handlers\FileHandler' driver.
ERROR - 2023-12-04 11:15:24 --> mysqli_sql_exception: Column 'id_periode' cannot be null in C:\xampp\htdocs\SPK-KIP\spk-kip-pm\system\Database\MySQLi\Connection.php:295
Stack trace:
#0 C:\xampp\htdocs\SPK-KIP\spk-kip-pm\system\Database\MySQLi\Connection.php(295): mysqli->query('INSERT INTO `si...', 0)
#1 C:\xampp\htdocs\SPK-KIP\spk-kip-pm\system\Database\BaseConnection.php(692): CodeIgniter\Database\MySQLi\Connection->execute('INSERT INTO `si...')
#2 C:\xampp\htdocs\SPK-KIP\spk-kip-pm\system\Database\BaseConnection.php(606): CodeIgniter\Database\BaseConnection->simpleQuery('INSERT INTO `si...')
#3 C:\xampp\htdocs\SPK-KIP\spk-kip-pm\system\Database\BaseBuilder.php(2309): CodeIgniter\Database\BaseConnection->query('INSERT INTO `si...', Array, false)
#4 C:\xampp\htdocs\SPK-KIP\spk-kip-pm\system\Model.php(330): CodeIgniter\Database\BaseBuilder->insert()
#5 C:\xampp\htdocs\SPK-KIP\spk-kip-pm\system\BaseModel.php(782): CodeIgniter\Model->doInsert(Array)
#6 C:\xampp\htdocs\SPK-KIP\spk-kip-pm\system\Model.php(730): CodeIgniter\BaseModel->insert(Array, true)
#7 C:\xampp\htdocs\SPK-KIP\spk-kip-pm\app\Controllers\Home.php(51): CodeIgniter\Model->insert(Array)
#8 C:\xampp\htdocs\SPK-KIP\spk-kip-pm\system\CodeIgniter.php(932): App\Controllers\Home->tambahdata()
#9 C:\xampp\htdocs\SPK-KIP\spk-kip-pm\system\CodeIgniter.php(497): CodeIgniter\CodeIgniter->runController(Object(App\Controllers\Home))
#10 C:\xampp\htdocs\SPK-KIP\spk-kip-pm\system\CodeIgniter.php(366): CodeIgniter\CodeIgniter->handleRequest(NULL, Object(Config\Cache), false)
#11 C:\xampp\htdocs\SPK-KIP\spk-kip-pm\public\index.php(67): CodeIgniter\CodeIgniter->run()
#12 C:\xampp\htdocs\SPK-KIP\spk-kip-pm\system\Commands\Server\rewrite.php(47): require_once('C:\\xampp\\htdocs...')
#13 {main}
CRITICAL - 2023-12-04 11:15:24 --> Column 'id_periode' cannot be null
in SYSTEMPATH\Database\MySQLi\Connection.php on line 295.
 1 SYSTEMPATH\Database\MySQLi\Connection.php(295): mysqli->query('INSERT INTO `siswa` (`nama`, `pemberkasan`, `prestasi`, `status`, `pk_ortu`, `ph_ortu`, `tg_ortu`, `id_periode`) VALUES (\'faiz abidin\', \'1|Kartu KIP\', \'1|Tidak ada Prestasi\', \'1|Anak Kandung\', \'1|Tidak Bekerja\', \'1|Tidak Bekerja\', \'1|1 Orang\', NULL)', 0)
 2 SYSTEMPATH\Database\BaseConnection.php(692): CodeIgniter\Database\MySQLi\Connection->execute('INSERT INTO `siswa` (`nama`, `pemberkasan`, `prestasi`, `status`, `pk_ortu`, `ph_ortu`, `tg_ortu`, `id_periode`) VALUES (\'faiz abidin\', \'1|Kartu KIP\', \'1|Tidak ada Prestasi\', \'1|Anak Kandung\', \'1|Tidak Bekerja\', \'1|Tidak Bekerja\', \'1|1 Orang\', NULL)')
 3 SYSTEMPATH\Database\BaseConnection.php(606): CodeIgniter\Database\BaseConnection->simpleQuery('INSERT INTO `siswa` (`nama`, `pemberkasan`, `prestasi`, `status`, `pk_ortu`, `ph_ortu`, `tg_ortu`, `id_periode`) VALUES (\'faiz abidin\', \'1|Kartu KIP\', \'1|Tidak ada Prestasi\', \'1|Anak Kandung\', \'1|Tidak Bekerja\', \'1|Tidak Bekerja\', \'1|1 Orang\', NULL)')
 4 SYSTEMPATH\Database\BaseBuilder.php(2309): CodeIgniter\Database\BaseConnection->query('INSERT INTO `siswa` (`nama`, `pemberkasan`, `prestasi`, `status`, `pk_ortu`, `ph_ortu`, `tg_ortu`, `id_periode`) VALUES (:nama:, :pemberkasan:, :prestasi:, :status:, :pk_ortu:, :ph_ortu:, :tg_ortu:, :id_periode:)', [...], false)
 5 SYSTEMPATH\Model.php(330): CodeIgniter\Database\BaseBuilder->insert()
 6 SYSTEMPATH\BaseModel.php(782): CodeIgniter\Model->doInsert([...])
 7 SYSTEMPATH\Model.php(730): CodeIgniter\BaseModel->insert([...], true)
 8 APPPATH\Controllers\Home.php(51): CodeIgniter\Model->insert([...])
 9 SYSTEMPATH\CodeIgniter.php(932): App\Controllers\Home->tambahdata()
10 SYSTEMPATH\CodeIgniter.php(497): CodeIgniter\CodeIgniter->runController(Object(App\Controllers\Home))
11 SYSTEMPATH\CodeIgniter.php(366): CodeIgniter\CodeIgniter->handleRequest(null, Object(Config\Cache), false)
12 FCPATH\index.php(67): CodeIgniter\CodeIgniter->run()
13 SYSTEMPATH\Commands\Server\rewrite.php(47): require_once('C:\\xampp\\htdocs\\SPK-KIP\\spk-kip-pm\\public\\index.php')
INFO - 2023-12-04 11:16:31 --> Session: Class initialized using 'CodeIgniter\Session\Handlers\FileHandler' driver.
INFO - 2023-12-04 11:16:35 --> Session: Class initialized using 'CodeIgniter\Session\Handlers\FileHandler' driver.
ERROR - 2023-12-04 11:16:35 --> mysqli_sql_exception: Cannot add or update a child row: a foreign key constraint fails (`kip`.`siswa`, CONSTRAINT `siswa_ibfk_1` FOREIGN KEY (`id_periode`) REFERENCES `periode` (`id`)) in C:\xampp\htdocs\SPK-KIP\spk-kip-pm\system\Database\MySQLi\Connection.php:295
Stack trace:
#0 C:\xampp\htdocs\SPK-KIP\spk-kip-pm\system\Database\MySQLi\Connection.php(295): mysqli->query('INSERT INTO `si...', 0)
#1 C:\xampp\htdocs\SPK-KIP\spk-kip-pm\system\Database\BaseConnection.php(692): CodeIgniter\Database\MySQLi\Connection->execute('INSERT INTO `si...')
#2 C:\xampp\htdocs\SPK-KIP\spk-kip-pm\system\Database\BaseConnection.php(606): CodeIgniter\Database\BaseConnection->simpleQuery('INSERT INTO `si...')
#3 C:\xampp\htdocs\SPK-KIP\spk-kip-pm\system\Database\BaseBuilder.php(2309): CodeIgniter\Database\BaseConnection->query('INSERT INTO `si...', Array, false)
#4 C:\xampp\htdocs\SPK-KIP\spk-kip-pm\system\Model.php(330): CodeIgniter\Database\BaseBuilder->insert()
#5 C:\xampp\htdocs\SPK-KIP\spk-kip-pm\system\BaseModel.php(782): CodeIgniter\Model->doInsert(Array)
#6 C:\xampp\htdocs\SPK-KIP\spk-kip-pm\system\Model.php(730): CodeIgniter\BaseModel->insert(Array, true)
#7 C:\xampp\htdocs\SPK-KIP\spk-kip-pm\app\Controllers\Home.php(51): CodeIgniter\Model->insert(Array)
#8 C:\xampp\htdocs\SPK-KIP\spk-kip-pm\system\CodeIgniter.php(932): App\Controllers\Home->tambahdata()
#9 C:\xampp\htdocs\SPK-KIP\spk-kip-pm\system\CodeIgniter.php(497): CodeIgniter\CodeIgniter->runController(Object(App\Controllers\Home))
#10 C:\xampp\htdocs\SPK-KIP\spk-kip-pm\system\CodeIgniter.php(366): CodeIgniter\CodeIgniter->handleRequest(NULL, Object(Config\Cache), false)
#11 C:\xampp\htdocs\SPK-KIP\spk-kip-pm\public\index.php(67): CodeIgniter\CodeIgniter->run()
#12 C:\xampp\htdocs\SPK-KIP\spk-kip-pm\system\Commands\Server\rewrite.php(47): require_once('C:\\xampp\\htdocs...')
#13 {main}
CRITICAL - 2023-12-04 11:16:35 --> Cannot add or update a child row: a foreign key constraint fails (`kip`.`siswa`, CONSTRAINT `siswa_ibfk_1` FOREIGN KEY (`id_periode`) REFERENCES `periode` (`id`))
in SYSTEMPATH\Database\MySQLi\Connection.php on line 295.
 1 SYSTEMPATH\Database\MySQLi\Connection.php(295): mysqli->query('INSERT INTO `siswa` (`nama`, `pemberkasan`, `prestasi`, `status`, `pk_ortu`, `ph_ortu`, `tg_ortu`, `id_periode`) VALUES (\'faiz abidin\', \'1|Kartu KIP\', \'1|Tidak ada Prestasi\', \'1|Anak Kandung\', \'1|Tidak Bekerja\', \'1|Tidak Bekerja\', \'1|1 Orang\', 0)', 0)
 2 SYSTEMPATH\Database\BaseConnection.php(692): CodeIgniter\Database\MySQLi\Connection->execute('INSERT INTO `siswa` (`nama`, `pemberkasan`, `prestasi`, `status`, `pk_ortu`, `ph_ortu`, `tg_ortu`, `id_periode`) VALUES (\'faiz abidin\', \'1|Kartu KIP\', \'1|Tidak ada Prestasi\', \'1|Anak Kandung\', \'1|Tidak Bekerja\', \'1|Tidak Bekerja\', \'1|1 Orang\', 0)')
 3 SYSTEMPATH\Database\BaseConnection.php(606): CodeIgniter\Database\BaseConnection->simpleQuery('INSERT INTO `siswa` (`nama`, `pemberkasan`, `prestasi`, `status`, `pk_ortu`, `ph_ortu`, `tg_ortu`, `id_periode`) VALUES (\'faiz abidin\', \'1|Kartu KIP\', \'1|Tidak ada Prestasi\', \'1|Anak Kandung\', \'1|Tidak Bekerja\', \'1|Tidak Bekerja\', \'1|1 Orang\', 0)')
 4 SYSTEMPATH\Database\BaseBuilder.php(2309): CodeIgniter\Database\BaseConnection->query('INSERT INTO `siswa` (`nama`, `pemberkasan`, `prestasi`, `status`, `pk_ortu`, `ph_ortu`, `tg_ortu`, `id_periode`) VALUES (:nama:, :pemberkasan:, :prestasi:, :status:, :pk_ortu:, :ph_ortu:, :tg_ortu:, :id_periode:)', [...], false)
 5 SYSTEMPATH\Model.php(330): CodeIgniter\Database\BaseBuilder->insert()
 6 SYSTEMPATH\BaseModel.php(782): CodeIgniter\Model->doInsert([...])
 7 SYSTEMPATH\Model.php(730): CodeIgniter\BaseModel->insert([...], true)
 8 APPPATH\Controllers\Home.php(51): CodeIgniter\Model->insert([...])
 9 SYSTEMPATH\CodeIgniter.php(932): App\Controllers\Home->tambahdata()
10 SYSTEMPATH\CodeIgniter.php(497): CodeIgniter\CodeIgniter->runController(Object(App\Controllers\Home))
11 SYSTEMPATH\CodeIgniter.php(366): CodeIgniter\CodeIgniter->handleRequest(null, Object(Config\Cache), false)
12 FCPATH\index.php(67): CodeIgniter\CodeIgniter->run()
13 SYSTEMPATH\Commands\Server\rewrite.php(47): require_once('C:\\xampp\\htdocs\\SPK-KIP\\spk-kip-pm\\public\\index.php')
INFO - 2023-12-04 11:43:01 --> Session: Class initialized using 'CodeIgniter\Session\Handlers\FileHandler' driver.
CRITICAL - 2023-12-04 11:43:01 --> Undefined variable: periodeOptions
in APPPATH\Views\index.php on line 82.
 1 APPPATH\Views\index.php(82): CodeIgniter\Debug\Exceptions->errorHandler(8, 'Undefined variable: periodeOptions', 'C:\\xampp\\htdocs\\SPK-KIP\\spk-kip-pm\\app\\Views\\index.php', 82, [...])
 2 SYSTEMPATH\View\View.php(224): include('C:\\xampp\\htdocs\\SPK-KIP\\spk-kip-pm\\app\\Views\\index.php')
 3 SYSTEMPATH\View\View.php(227): CodeIgniter\View\View->CodeIgniter\View\{closure}()
 4 SYSTEMPATH\Common.php(1180): CodeIgniter\View\View->render('index', [], true)
 5 APPPATH\Controllers\Home.php(24): view('index', [...])
 6 SYSTEMPATH\CodeIgniter.php(932): App\Controllers\Home->index()
 7 SYSTEMPATH\CodeIgniter.php(497): CodeIgniter\CodeIgniter->runController(Object(App\Controllers\Home))
 8 SYSTEMPATH\CodeIgniter.php(366): CodeIgniter\CodeIgniter->handleRequest(null, Object(Config\Cache), false)
 9 FCPATH\index.php(67): CodeIgniter\CodeIgniter->run()
10 SYSTEMPATH\Commands\Server\rewrite.php(47): require_once('C:\\xampp\\htdocs\\SPK-KIP\\spk-kip-pm\\public\\index.php')
INFO - 2023-12-04 11:43:03 --> Session: Class initialized using 'CodeIgniter\Session\Handlers\FileHandler' driver.
CRITICAL - 2023-12-04 11:43:03 --> Undefined variable: periodeOptions
in APPPATH\Views\index.php on line 82.
 1 APPPATH\Views\index.php(82): CodeIgniter\Debug\Exceptions->errorHandler(8, 'Undefined variable: periodeOptions', 'C:\\xampp\\htdocs\\SPK-KIP\\spk-kip-pm\\app\\Views\\index.php', 82, [...])
 2 SYSTEMPATH\View\View.php(224): include('C:\\xampp\\htdocs\\SPK-KIP\\spk-kip-pm\\app\\Views\\index.php')
 3 SYSTEMPATH\View\View.php(227): CodeIgniter\View\View->CodeIgniter\View\{closure}()
 4 SYSTEMPATH\Common.php(1180): CodeIgniter\View\View->render('index', [], true)
 5 APPPATH\Controllers\Home.php(24): view('index', [...])
 6 SYSTEMPATH\CodeIgniter.php(932): App\Controllers\Home->index()
 7 SYSTEMPATH\CodeIgniter.php(497): CodeIgniter\CodeIgniter->runController(Object(App\Controllers\Home))
 8 SYSTEMPATH\CodeIgniter.php(366): CodeIgniter\CodeIgniter->handleRequest(null, Object(Config\Cache), false)
 9 FCPATH\index.php(67): CodeIgniter\CodeIgniter->run()
10 SYSTEMPATH\Commands\Server\rewrite.php(47): require_once('C:\\xampp\\htdocs\\SPK-KIP\\spk-kip-pm\\public\\index.php')
INFO - 2023-12-04 11:43:04 --> Session: Class initialized using 'CodeIgniter\Session\Handlers\FileHandler' driver.
CRITICAL - 2023-12-04 11:43:04 --> Undefined variable: periodeOptions
in APPPATH\Views\index.php on line 82.
 1 APPPATH\Views\index.php(82): CodeIgniter\Debug\Exceptions->errorHandler(8, 'Undefined variable: periodeOptions', 'C:\\xampp\\htdocs\\SPK-KIP\\spk-kip-pm\\app\\Views\\index.php', 82, [...])
 2 SYSTEMPATH\View\View.php(224): include('C:\\xampp\\htdocs\\SPK-KIP\\spk-kip-pm\\app\\Views\\index.php')
 3 SYSTEMPATH\View\View.php(227): CodeIgniter\View\View->CodeIgniter\View\{closure}()
 4 SYSTEMPATH\Common.php(1180): CodeIgniter\View\View->render('index', [], true)
 5 APPPATH\Controllers\Home.php(24): view('index', [...])
 6 SYSTEMPATH\CodeIgniter.php(932): App\Controllers\Home->index()
 7 SYSTEMPATH\CodeIgniter.php(497): CodeIgniter\CodeIgniter->runController(Object(App\Controllers\Home))
 8 SYSTEMPATH\CodeIgniter.php(366): CodeIgniter\CodeIgniter->handleRequest(null, Object(Config\Cache), false)
 9 FCPATH\index.php(67): CodeIgniter\CodeIgniter->run()
10 SYSTEMPATH\Commands\Server\rewrite.php(47): require_once('C:\\xampp\\htdocs\\SPK-KIP\\spk-kip-pm\\public\\index.php')
INFO - 2023-12-04 11:45:38 --> Session: Class initialized using 'CodeIgniter\Session\Handlers\FileHandler' driver.
CRITICAL - 2023-12-04 11:45:38 --> Call to undefined method App\Models\SiswaModel::with
in SYSTEMPATH\Model.php on line 838.
 1 APPPATH\Models\SiswaModel.php(24): CodeIgniter\Model->__call('with', [...])
 2 APPPATH\Controllers\Home.php(16): App\Models\SiswaModel->getAllSiswaWithPeriode()
 3 SYSTEMPATH\CodeIgniter.php(932): App\Controllers\Home->index()
 4 SYSTEMPATH\CodeIgniter.php(497): CodeIgniter\CodeIgniter->runController(Object(App\Controllers\Home))
 5 SYSTEMPATH\CodeIgniter.php(366): CodeIgniter\CodeIgniter->handleRequest(null, Object(Config\Cache), false)
 6 FCPATH\index.php(67): CodeIgniter\CodeIgniter->run()
 7 SYSTEMPATH\Commands\Server\rewrite.php(47): require_once('C:\\xampp\\htdocs\\SPK-KIP\\spk-kip-pm\\public\\index.php')
INFO - 2023-12-04 11:46:38 --> Session: Class initialized using 'CodeIgniter\Session\Handlers\FileHandler' driver.
CRITICAL - 2023-12-04 11:46:38 --> Undefined index: nama_periode
in APPPATH\Views\index.php on line 83.
 1 APPPATH\Views\index.php(83): CodeIgniter\Debug\Exceptions->errorHandler(8, 'Undefined index: nama_periode', 'C:\\xampp\\htdocs\\SPK-KIP\\spk-kip-pm\\app\\Views\\index.php', 83, [...])
 2 SYSTEMPATH\View\View.php(224): include('C:\\xampp\\htdocs\\SPK-KIP\\spk-kip-pm\\app\\Views\\index.php')
 3 SYSTEMPATH\View\View.php(227): CodeIgniter\View\View->CodeIgniter\View\{closure}()
 4 SYSTEMPATH\Common.php(1180): CodeIgniter\View\View->render('index', [], true)
 5 APPPATH\Controllers\Home.php(33): view('index', [...])
 6 SYSTEMPATH\CodeIgniter.php(932): App\Controllers\Home->index()
 7 SYSTEMPATH\CodeIgniter.php(497): CodeIgniter\CodeIgniter->runController(Object(App\Controllers\Home))
 8 SYSTEMPATH\CodeIgniter.php(366): CodeIgniter\CodeIgniter->handleRequest(null, Object(Config\Cache), false)
 9 FCPATH\index.php(67): CodeIgniter\CodeIgniter->run()
10 SYSTEMPATH\Commands\Server\rewrite.php(47): require_once('C:\\xampp\\htdocs\\SPK-KIP\\spk-kip-pm\\public\\index.php')
INFO - 2023-12-04 11:46:50 --> Session: Class initialized using 'CodeIgniter\Session\Handlers\FileHandler' driver.
INFO - 2023-12-04 11:47:17 --> Session: Class initialized using 'CodeIgniter\Session\Handlers\FileHandler' driver.
INFO - 2023-12-04 11:47:17 --> Session: Class initialized using 'CodeIgniter\Session\Handlers\FileHandler' driver.
INFO - 2023-12-04 11:48:50 --> Session: Class initialized using 'CodeIgniter\Session\Handlers\FileHandler' driver.
CRITICAL - 2023-12-04 11:48:50 --> Undefined index: periode
in APPPATH\Views\index.php on line 128.
 1 APPPATH\Views\index.php(128): CodeIgniter\Debug\Exceptions->errorHandler(8, 'Undefined index: periode', 'C:\\xampp\\htdocs\\SPK-KIP\\spk-kip-pm\\app\\Views\\index.php', 128, [...])
 2 SYSTEMPATH\View\View.php(224): include('C:\\xampp\\htdocs\\SPK-KIP\\spk-kip-pm\\app\\Views\\index.php')
 3 SYSTEMPATH\View\View.php(227): CodeIgniter\View\View->CodeIgniter\View\{closure}()
 4 SYSTEMPATH\Common.php(1180): CodeIgniter\View\View->render('index', [], true)
 5 APPPATH\Controllers\Home.php(33): view('index', [...])
 6 SYSTEMPATH\CodeIgniter.php(932): App\Controllers\Home->index()
 7 SYSTEMPATH\CodeIgniter.php(497): CodeIgniter\CodeIgniter->runController(Object(App\Controllers\Home))
 8 SYSTEMPATH\CodeIgniter.php(366): CodeIgniter\CodeIgniter->handleRequest(null, Object(Config\Cache), false)
 9 FCPATH\index.php(67): CodeIgniter\CodeIgniter->run()
10 SYSTEMPATH\Commands\Server\rewrite.php(47): require_once('C:\\xampp\\htdocs\\SPK-KIP\\spk-kip-pm\\public\\index.php')
INFO - 2023-12-04 11:49:01 --> Session: Class initialized using 'CodeIgniter\Session\Handlers\FileHandler' driver.
CRITICAL - 2023-12-04 11:49:01 --> Undefined index: periode
in APPPATH\Views\index.php on line 128.
 1 APPPATH\Views\index.php(128): CodeIgniter\Debug\Exceptions->errorHandler(8, 'Undefined index: periode', 'C:\\xampp\\htdocs\\SPK-KIP\\spk-kip-pm\\app\\Views\\index.php', 128, [...])
 2 SYSTEMPATH\View\View.php(224): include('C:\\xampp\\htdocs\\SPK-KIP\\spk-kip-pm\\app\\Views\\index.php')
 3 SYSTEMPATH\View\View.php(227): CodeIgniter\View\View->CodeIgniter\View\{closure}()
 4 SYSTEMPATH\Common.php(1180): CodeIgniter\View\View->render('index', [], true)
 5 APPPATH\Controllers\Home.php(33): view('index', [...])
 6 SYSTEMPATH\CodeIgniter.php(932): App\Controllers\Home->index()
 7 SYSTEMPATH\CodeIgniter.php(497): CodeIgniter\CodeIgniter->runController(Object(App\Controllers\Home))
 8 SYSTEMPATH\CodeIgniter.php(366): CodeIgniter\CodeIgniter->handleRequest(null, Object(Config\Cache), false)
 9 FCPATH\index.php(67): CodeIgniter\CodeIgniter->run()
10 SYSTEMPATH\Commands\Server\rewrite.php(47): require_once('C:\\xampp\\htdocs\\SPK-KIP\\spk-kip-pm\\public\\index.php')
INFO - 2023-12-04 11:50:13 --> Session: Class initialized using 'CodeIgniter\Session\Handlers\FileHandler' driver.
CRITICAL - 2023-12-04 11:50:13 --> Undefined index: periode
in APPPATH\Views\index.php on line 128.
 1 APPPATH\Views\index.php(128): CodeIgniter\Debug\Exceptions->errorHandler(8, 'Undefined index: periode', 'C:\\xampp\\htdocs\\SPK-KIP\\spk-kip-pm\\app\\Views\\index.php', 128, [...])
 2 SYSTEMPATH\View\View.php(224): include('C:\\xampp\\htdocs\\SPK-KIP\\spk-kip-pm\\app\\Views\\index.php')
 3 SYSTEMPATH\View\View.php(227): CodeIgniter\View\View->CodeIgniter\View\{closure}()
 4 SYSTEMPATH\Common.php(1180): CodeIgniter\View\View->render('index', [], true)
 5 APPPATH\Controllers\Home.php(33): view('index', [...])
 6 SYSTEMPATH\CodeIgniter.php(932): App\Controllers\Home->index()
 7 SYSTEMPATH\CodeIgniter.php(497): CodeIgniter\CodeIgniter->runController(Object(App\Controllers\Home))
 8 SYSTEMPATH\CodeIgniter.php(366): CodeIgniter\CodeIgniter->handleRequest(null, Object(Config\Cache), false)
 9 FCPATH\index.php(67): CodeIgniter\CodeIgniter->run()
10 SYSTEMPATH\Commands\Server\rewrite.php(47): require_once('C:\\xampp\\htdocs\\SPK-KIP\\spk-kip-pm\\public\\index.php')
INFO - 2023-12-04 11:50:32 --> Session: Class initialized using 'CodeIgniter\Session\Handlers\FileHandler' driver.
CRITICAL - 2023-12-04 11:50:32 --> Undefined index: periode
in APPPATH\Views\index.php on line 129.
 1 APPPATH\Views\index.php(129): CodeIgniter\Debug\Exceptions->errorHandler(8, 'Undefined index: periode', 'C:\\xampp\\htdocs\\SPK-KIP\\spk-kip-pm\\app\\Views\\index.php', 129, [...])
 2 SYSTEMPATH\View\View.php(224): include('C:\\xampp\\htdocs\\SPK-KIP\\spk-kip-pm\\app\\Views\\index.php')
 3 SYSTEMPATH\View\View.php(227): CodeIgniter\View\View->CodeIgniter\View\{closure}()
 4 SYSTEMPATH\Common.php(1180): CodeIgniter\View\View->render('index', [], true)
 5 APPPATH\Controllers\Home.php(33): view('index', [...])
 6 SYSTEMPATH\CodeIgniter.php(932): App\Controllers\Home->index()
 7 SYSTEMPATH\CodeIgniter.php(497): CodeIgniter\CodeIgniter->runController(Object(App\Controllers\Home))
 8 SYSTEMPATH\CodeIgniter.php(366): CodeIgniter\CodeIgniter->handleRequest(null, Object(Config\Cache), false)
 9 FCPATH\index.php(67): CodeIgniter\CodeIgniter->run()
10 SYSTEMPATH\Commands\Server\rewrite.php(47): require_once('C:\\xampp\\htdocs\\SPK-KIP\\spk-kip-pm\\public\\index.php')
INFO - 2023-12-04 11:51:07 --> Session: Class initialized using 'CodeIgniter\Session\Handlers\FileHandler' driver.
INFO - 2023-12-04 11:54:44 --> Session: Class initialized using 'CodeIgniter\Session\Handlers\FileHandler' driver.
INFO - 2023-12-04 11:54:47 --> Session: Class initialized using 'CodeIgniter\Session\Handlers\FileHandler' driver.
INFO - 2023-12-04 11:55:00 --> Session: Class initialized using 'CodeIgniter\Session\Handlers\FileHandler' driver.
CRITICAL - 2023-12-04 11:55:00 --> Undefined index: periode
in APPPATH\Views\index.php on line 129.
 1 APPPATH\Views\index.php(129): CodeIgniter\Debug\Exceptions->errorHandler(8, 'Undefined index: periode', 'C:\\xampp\\htdocs\\SPK-KIP\\spk-kip-pm\\app\\Views\\index.php', 129, [...])
 2 SYSTEMPATH\View\View.php(224): include('C:\\xampp\\htdocs\\SPK-KIP\\spk-kip-pm\\app\\Views\\index.php')
 3 SYSTEMPATH\View\View.php(227): CodeIgniter\View\View->CodeIgniter\View\{closure}()
 4 SYSTEMPATH\Common.php(1180): CodeIgniter\View\View->render('index', [], true)
 5 APPPATH\Controllers\Home.php(34): view('index', [...])
 6 SYSTEMPATH\CodeIgniter.php(932): App\Controllers\Home->index()
 7 SYSTEMPATH\CodeIgniter.php(497): CodeIgniter\CodeIgniter->runController(Object(App\Controllers\Home))
 8 SYSTEMPATH\CodeIgniter.php(366): CodeIgniter\CodeIgniter->handleRequest(null, Object(Config\Cache), false)
 9 FCPATH\index.php(67): CodeIgniter\CodeIgniter->run()
10 SYSTEMPATH\Commands\Server\rewrite.php(47): require_once('C:\\xampp\\htdocs\\SPK-KIP\\spk-kip-pm\\public\\index.php')
INFO - 2023-12-04 11:58:27 --> Session: Class initialized using 'CodeIgniter\Session\Handlers\FileHandler' driver.
CRITICAL - 2023-12-04 11:58:27 --> Undefined index: periode
in APPPATH\Views\index.php on line 128.
 1 APPPATH\Views\index.php(128): CodeIgniter\Debug\Exceptions->errorHandler(8, 'Undefined index: periode', 'C:\\xampp\\htdocs\\SPK-KIP\\spk-kip-pm\\app\\Views\\index.php', 128, [...])
 2 SYSTEMPATH\View\View.php(224): include('C:\\xampp\\htdocs\\SPK-KIP\\spk-kip-pm\\app\\Views\\index.php')
 3 SYSTEMPATH\View\View.php(227): CodeIgniter\View\View->CodeIgniter\View\{closure}()
 4 SYSTEMPATH\Common.php(1180): CodeIgniter\View\View->render('index', [], true)
 5 APPPATH\Controllers\Home.php(33): view('index', [...])
 6 SYSTEMPATH\CodeIgniter.php(932): App\Controllers\Home->index()
 7 SYSTEMPATH\CodeIgniter.php(497): CodeIgniter\CodeIgniter->runController(Object(App\Controllers\Home))
 8 SYSTEMPATH\CodeIgniter.php(366): CodeIgniter\CodeIgniter->handleRequest(null, Object(Config\Cache), false)
 9 FCPATH\index.php(67): CodeIgniter\CodeIgniter->run()
10 SYSTEMPATH\Commands\Server\rewrite.php(47): require_once('C:\\xampp\\htdocs\\SPK-KIP\\spk-kip-pm\\public\\index.php')
INFO - 2023-12-04 11:59:33 --> Session: Class initialized using 'CodeIgniter\Session\Handlers\FileHandler' driver.
CRITICAL - 2023-12-04 11:59:33 --> Undefined index: periode
in APPPATH\Views\index.php on line 128.
 1 APPPATH\Views\index.php(128): CodeIgniter\Debug\Exceptions->errorHandler(8, 'Undefined index: periode', 'C:\\xampp\\htdocs\\SPK-KIP\\spk-kip-pm\\app\\Views\\index.php', 128, [...])
 2 SYSTEMPATH\View\View.php(224): include('C:\\xampp\\htdocs\\SPK-KIP\\spk-kip-pm\\app\\Views\\index.php')
 3 SYSTEMPATH\View\View.php(227): CodeIgniter\View\View->CodeIgniter\View\{closure}()
 4 SYSTEMPATH\Common.php(1180): CodeIgniter\View\View->render('index', [], true)
 5 APPPATH\Controllers\Home.php(33): view('index', [...])
 6 SYSTEMPATH\CodeIgniter.php(932): App\Controllers\Home->index()
 7 SYSTEMPATH\CodeIgniter.php(497): CodeIgniter\CodeIgniter->runController(Object(App\Controllers\Home))
 8 SYSTEMPATH\CodeIgniter.php(366): CodeIgniter\CodeIgniter->handleRequest(null, Object(Config\Cache), false)
 9 FCPATH\index.php(67): CodeIgniter\CodeIgniter->run()
10 SYSTEMPATH\Commands\Server\rewrite.php(47): require_once('C:\\xampp\\htdocs\\SPK-KIP\\spk-kip-pm\\public\\index.php')
