INFO - 2023-12-05 23:40:53 --> Session: Class initialized using 'CodeIgniter\Session\Handlers\FileHandler' driver.
INFO - 2023-12-05 23:40:54 --> Session: Class initialized using 'CodeIgniter\Session\Handlers\FileHandler' driver.
INFO - 2023-12-05 23:41:02 --> Session: Class initialized using 'CodeIgniter\Session\Handlers\FileHandler' driver.
INFO - 2023-12-05 23:41:03 --> Session: Class initialized using 'CodeIgniter\Session\Handlers\FileHandler' driver.
CRITICAL - 2023-12-05 23:41:03 --> Undefined index: periode
in APPPATH\Views\index.php on line 128.
 1 APPPATH\Views\index.php(128): CodeIgniter\Debug\Exceptions->errorHandler(8, 'Undefined index: periode', 'C:\\xampp\\htdocs\\SPK-KIP\\spk-kip-pm\\app\\Views\\index.php', 128, [...])
 2 SYSTEMPATH\View\View.php(224): include('C:\\xampp\\htdocs\\SPK-KIP\\spk-kip-pm\\app\\Views\\index.php')
 3 SYSTEMPATH\View\View.php(227): CodeIgniter\View\View->CodeIgniter\View\{closure}()
 4 SYSTEMPATH\Common.php(1180): CodeIgniter\View\View->render('index', [], true)
 5 APPPATH\Controllers\Home.php(33): view('index', [...])
 6 SYSTEMPATH\CodeIgniter.php(932): App\Controllers\Home->index()
 7 SYSTEMPATH\CodeIgniter.php(497): CodeIgniter\CodeIgniter->runController(Object(App\Controllers\Home))
 8 SYSTEMPATH\CodeIgniter.php(366): CodeIgniter\CodeIgniter->handleRequest(null, Object(Config\Cache), false)
 9 FCPATH\index.php(67): CodeIgniter\CodeIgniter->run()
10 SYSTEMPATH\Commands\Server\rewrite.php(47): require_once('C:\\xampp\\htdocs\\SPK-KIP\\spk-kip-pm\\public\\index.php')
INFO - 2023-12-05 23:41:20 --> Session: Class initialized using 'CodeIgniter\Session\Handlers\FileHandler' driver.
CRITICAL - 2023-12-05 23:41:20 --> Undefined index: id_periode
in APPPATH\Views\index.php on line 128.
 1 APPPATH\Views\index.php(128): CodeIgniter\Debug\Exceptions->errorHandler(8, 'Undefined index: id_periode', 'C:\\xampp\\htdocs\\SPK-KIP\\spk-kip-pm\\app\\Views\\index.php', 128, [...])
 2 SYSTEMPATH\View\View.php(224): include('C:\\xampp\\htdocs\\SPK-KIP\\spk-kip-pm\\app\\Views\\index.php')
 3 SYSTEMPATH\View\View.php(227): CodeIgniter\View\View->CodeIgniter\View\{closure}()
 4 SYSTEMPATH\Common.php(1180): CodeIgniter\View\View->render('index', [], true)
 5 APPPATH\Controllers\Home.php(33): view('index', [...])
 6 SYSTEMPATH\CodeIgniter.php(932): App\Controllers\Home->index()
 7 SYSTEMPATH\CodeIgniter.php(497): CodeIgniter\CodeIgniter->runController(Object(App\Controllers\Home))
 8 SYSTEMPATH\CodeIgniter.php(366): CodeIgniter\CodeIgniter->handleRequest(null, Object(Config\Cache), false)
 9 FCPATH\index.php(67): CodeIgniter\CodeIgniter->run()
10 SYSTEMPATH\Commands\Server\rewrite.php(47): require_once('C:\\xampp\\htdocs\\SPK-KIP\\spk-kip-pm\\public\\index.php')
INFO - 2023-12-05 23:41:31 --> Session: Class initialized using 'CodeIgniter\Session\Handlers\FileHandler' driver.
CRITICAL - 2023-12-05 23:41:31 --> Undefined index: id_periode
in APPPATH\Views\index.php on line 128.
 1 APPPATH\Views\index.php(128): CodeIgniter\Debug\Exceptions->errorHandler(8, 'Undefined index: id_periode', 'C:\\xampp\\htdocs\\SPK-KIP\\spk-kip-pm\\app\\Views\\index.php', 128, [...])
 2 SYSTEMPATH\View\View.php(224): include('C:\\xampp\\htdocs\\SPK-KIP\\spk-kip-pm\\app\\Views\\index.php')
 3 SYSTEMPATH\View\View.php(227): CodeIgniter\View\View->CodeIgniter\View\{closure}()
 4 SYSTEMPATH\Common.php(1180): CodeIgniter\View\View->render('index', [], true)
 5 APPPATH\Controllers\Home.php(33): view('index', [...])
 6 SYSTEMPATH\CodeIgniter.php(932): App\Controllers\Home->index()
 7 SYSTEMPATH\CodeIgniter.php(497): CodeIgniter\CodeIgniter->runController(Object(App\Controllers\Home))
 8 SYSTEMPATH\CodeIgniter.php(366): CodeIgniter\CodeIgniter->handleRequest(null, Object(Config\Cache), false)
 9 FCPATH\index.php(67): CodeIgniter\CodeIgniter->run()
10 SYSTEMPATH\Commands\Server\rewrite.php(47): require_once('C:\\xampp\\htdocs\\SPK-KIP\\spk-kip-pm\\public\\index.php')
INFO - 2023-12-05 23:42:44 --> Session: Class initialized using 'CodeIgniter\Session\Handlers\FileHandler' driver.
CRITICAL - 2023-12-05 23:42:44 --> Undefined variable: id_periode
in APPPATH\Views\index.php on line 128.
 1 APPPATH\Views\index.php(128): CodeIgniter\Debug\Exceptions->errorHandler(8, 'Undefined variable: id_periode', 'C:\\xampp\\htdocs\\SPK-KIP\\spk-kip-pm\\app\\Views\\index.php', 128, [...])
 2 SYSTEMPATH\View\View.php(224): include('C:\\xampp\\htdocs\\SPK-KIP\\spk-kip-pm\\app\\Views\\index.php')
 3 SYSTEMPATH\View\View.php(227): CodeIgniter\View\View->CodeIgniter\View\{closure}()
 4 SYSTEMPATH\Common.php(1180): CodeIgniter\View\View->render('index', [], true)
 5 APPPATH\Controllers\Home.php(33): view('index', [...])
 6 SYSTEMPATH\CodeIgniter.php(932): App\Controllers\Home->index()
 7 SYSTEMPATH\CodeIgniter.php(497): CodeIgniter\CodeIgniter->runController(Object(App\Controllers\Home))
 8 SYSTEMPATH\CodeIgniter.php(366): CodeIgniter\CodeIgniter->handleRequest(null, Object(Config\Cache), false)
 9 FCPATH\index.php(67): CodeIgniter\CodeIgniter->run()
10 SYSTEMPATH\Commands\Server\rewrite.php(47): require_once('C:\\xampp\\htdocs\\SPK-KIP\\spk-kip-pm\\public\\index.php')
INFO - 2023-12-05 23:45:29 --> Session: Class initialized using 'CodeIgniter\Session\Handlers\FileHandler' driver.
CRITICAL - 2023-12-05 23:45:29 --> Undefined index: periode
in APPPATH\Views\index.php on line 128.
 1 APPPATH\Views\index.php(128): CodeIgniter\Debug\Exceptions->errorHandler(8, 'Undefined index: periode', 'C:\\xampp\\htdocs\\SPK-KIP\\spk-kip-pm\\app\\Views\\index.php', 128, [...])
 2 SYSTEMPATH\View\View.php(224): include('C:\\xampp\\htdocs\\SPK-KIP\\spk-kip-pm\\app\\Views\\index.php')
 3 SYSTEMPATH\View\View.php(227): CodeIgniter\View\View->CodeIgniter\View\{closure}()
 4 SYSTEMPATH\Common.php(1180): CodeIgniter\View\View->render('index', [], true)
 5 APPPATH\Controllers\Home.php(35): view('index', [...])
 6 SYSTEMPATH\CodeIgniter.php(932): App\Controllers\Home->index()
 7 SYSTEMPATH\CodeIgniter.php(497): CodeIgniter\CodeIgniter->runController(Object(App\Controllers\Home))
 8 SYSTEMPATH\CodeIgniter.php(366): CodeIgniter\CodeIgniter->handleRequest(null, Object(Config\Cache), false)
 9 FCPATH\index.php(67): CodeIgniter\CodeIgniter->run()
10 SYSTEMPATH\Commands\Server\rewrite.php(47): require_once('C:\\xampp\\htdocs\\SPK-KIP\\spk-kip-pm\\public\\index.php')
INFO - 2023-12-05 23:48:24 --> Session: Class initialized using 'CodeIgniter\Session\Handlers\FileHandler' driver.
INFO - 2023-12-05 23:48:56 --> Session: Class initialized using 'CodeIgniter\Session\Handlers\FileHandler' driver.
INFO - 2023-12-05 23:51:15 --> Session: Class initialized using 'CodeIgniter\Session\Handlers\FileHandler' driver.
INFO - 2023-12-05 23:51:53 --> Session: Class initialized using 'CodeIgniter\Session\Handlers\FileHandler' driver.
INFO - 2023-12-05 23:51:53 --> Session: Class initialized using 'CodeIgniter\Session\Handlers\FileHandler' driver.
INFO - 2023-12-05 23:52:05 --> Session: Class initialized using 'CodeIgniter\Session\Handlers\FileHandler' driver.
CRITICAL - 2023-12-05 23:53:27 --> Maximum execution time of 60 seconds exceeded
in SYSTEMPATH\Database\MySQLi\Connection.php on line 296.
 1 [internal function]: CodeIgniter\Debug\Exceptions->shutdownHandler()
INFO - 2023-12-05 23:53:54 --> Session: Class initialized using 'CodeIgniter\Session\Handlers\FileHandler' driver.
INFO - 2023-12-05 23:54:10 --> Session: Class initialized using 'CodeIgniter\Session\Handlers\FileHandler' driver.
INFO - 2023-12-05 23:54:11 --> Session: Class initialized using 'CodeIgniter\Session\Handlers\FileHandler' driver.
INFO - 2023-12-05 23:54:16 --> Session: Class initialized using 'CodeIgniter\Session\Handlers\FileHandler' driver.
CRITICAL - 2023-12-05 23:54:16 --> Undefined index: id_periode
in APPPATH\Controllers\Home.php on line 239.
 1 APPPATH\Controllers\Home.php(239): CodeIgniter\Debug\Exceptions->errorHandler(8, 'Undefined index: id_periode', 'C:\\xampp\\htdocs\\SPK-KIP\\spk-kip-pm\\app\\Controllers\\Home.php', 239, [...])
 2 APPPATH\Controllers\Home.php(170): App\Controllers\Home->hitungProfileMatching([...])
 3 SYSTEMPATH\CodeIgniter.php(932): App\Controllers\Home->processData()
 4 SYSTEMPATH\CodeIgniter.php(497): CodeIgniter\CodeIgniter->runController(Object(App\Controllers\Home))
 5 SYSTEMPATH\CodeIgniter.php(366): CodeIgniter\CodeIgniter->handleRequest(null, Object(Config\Cache), false)
 6 FCPATH\index.php(67): CodeIgniter\CodeIgniter->run()
 7 SYSTEMPATH\Commands\Server\rewrite.php(47): require_once('C:\\xampp\\htdocs\\SPK-KIP\\spk-kip-pm\\public\\index.php')
INFO - 2023-12-05 23:57:20 --> Session: Class initialized using 'CodeIgniter\Session\Handlers\FileHandler' driver.
CRITICAL - 2023-12-05 23:57:20 --> Undefined index: pemberkasan
in APPPATH\Controllers\Home.php on line 246.
 1 APPPATH\Controllers\Home.php(246): CodeIgniter\Debug\Exceptions->errorHandler(8, 'Undefined index: pemberkasan', 'C:\\xampp\\htdocs\\SPK-KIP\\spk-kip-pm\\app\\Controllers\\Home.php', 246, [...])
 2 APPPATH\Controllers\Home.php(170): App\Controllers\Home->hitungProfileMatching([...])
 3 SYSTEMPATH\CodeIgniter.php(932): App\Controllers\Home->processData()
 4 SYSTEMPATH\CodeIgniter.php(497): CodeIgniter\CodeIgniter->runController(Object(App\Controllers\Home))
 5 SYSTEMPATH\CodeIgniter.php(366): CodeIgniter\CodeIgniter->handleRequest(null, Object(Config\Cache), false)
 6 FCPATH\index.php(67): CodeIgniter\CodeIgniter->run()
 7 SYSTEMPATH\Commands\Server\rewrite.php(47): require_once('C:\\xampp\\htdocs\\SPK-KIP\\spk-kip-pm\\public\\index.php')
INFO - 2023-12-05 23:59:23 --> Session: Class initialized using 'CodeIgniter\Session\Handlers\FileHandler' driver.
INFO - 2023-12-05 23:59:24 --> Session: Class initialized using 'CodeIgniter\Session\Handlers\FileHandler' driver.
INFO - 2023-12-05 23:59:27 --> Session: Class initialized using 'CodeIgniter\Session\Handlers\FileHandler' driver.
INFO - 2023-12-05 23:59:31 --> Session: Class initialized using 'CodeIgniter\Session\Handlers\FileHandler' driver.
INFO - 2023-12-05 23:59:33 --> Session: Class initialized using 'CodeIgniter\Session\Handlers\FileHandler' driver.
